<?xml version="1.0" encoding="UTF-8"?>
<!-- Generated by org.testng.reporters.JUnitReportReporter -->
<testsuite hostname="LAPTOP-6DHJKUJ7" failures="0" tests="4" name="datadriventest.DataDrivenTestWithoutExcelsheetOrangeHRM" time="9.317" errors="0" timestamp="2022-06-27T16:59:44 EDT" skipped="0">
  <testcase classname="datadriventest.DataDrivenTestWithoutExcelsheetOrangeHRM" name="loginTest" time="4.132"/>
  <system-out/>
  <testcase classname="datadriventest.DataDrivenTestWithoutExcelsheetOrangeHRM" name="loginTest" time="1.518"/>
  <system-out/>
  <testcase classname="datadriventest.DataDrivenTestWithoutExcelsheetOrangeHRM" name="loginTest" time="1.820"/>
  <system-out/>
  <testcase classname="datadriventest.DataDrivenTestWithoutExcelsheetOrangeHRM" name="loginTest" time="1.847"/>
  <system-out/>
</testsuite> <!-- datadriventest.DataDrivenTestWithoutExcelsheetOrangeHRM -->
