<?xml version="1.0" encoding="UTF-8"?>
<!-- Generated by org.testng.reporters.JUnitReportReporter -->
<testsuite hostname="LAPTOP-6DHJKUJ7" failures="0" tests="4" name="datadriventest.DataDrivenTestWithExcel" time="7.172" errors="0" timestamp="2022-06-29T11:53:15 EDT" skipped="0">
  <testcase classname="datadriventest.DataDrivenTestWithExcel" name="loginTest" time="3.184"/>
  <system-out/>
  <testcase classname="datadriventest.DataDrivenTestWithExcel" name="loginTest" time="1.232"/>
  <system-out/>
  <testcase classname="datadriventest.DataDrivenTestWithExcel" name="loginTest" time="1.229"/>
  <system-out/>
  <testcase classname="datadriventest.DataDrivenTestWithExcel" name="loginTest" time="1.527"/>
  <system-out/>
</testsuite> <!-- datadriventest.DataDrivenTestWithExcel -->
